#
# There is insufficient memory for the Java Runtime Environment to continue.
# Native memory allocation (mmap) failed to map 105906176 bytes. Error detail: G1 virtual space
# Possible reasons:
#   The system is out of physical RAM or swap space
#   This process is running with CompressedOops enabled, and the Java Heap may be blocking the growth of the native heap
# Possible solutions:
#   Reduce memory load on the system
#   Increase physical memory or swap space
#   Check if swap backing store is full
#   Decrease Java heap size (-Xmx/-Xms)
#   Decrease number of Java threads
#   Decrease Java thread stack sizes (-Xss)
#   Set larger code cache with -XX:ReservedCodeCacheSize=
#   JVM is running with Unscaled Compressed Oops mode in which the Java heap is
#     placed in the first 4GB address space. The Java Heap base address is the
#     maximum limit for the native heap growth. Please use -XX:HeapBaseMinAddress
#     to set the Java Heap base and to place the Java Heap above 4GB virtual address.
# This output file may be truncated or incomplete.
#
#  Out of Memory Error (os_windows.cpp:3925), pid=21204, tid=16024
#
# JRE version: OpenJDK Runtime Environment JBR-21.0.8+1-1038.71-jcef (21.0.8+1) (build 21.0.8+1-b1038.71)
# Java VM: OpenJDK 64-Bit Server VM JBR-21.0.8+1-1038.71-jcef (21.0.8+1-b1038.71, mixed mode, sharing, tiered, compressed oops, compressed class ptrs, g1 gc, windows-amd64)
# No core dump will be written. Minidumps are not enabled by default on client versions of Windows
#

---------------  S U M M A R Y ------------

Command Line: -Xmx512m C:\Program Files\Huawei\DevEco Studio\tools\hvigor\hvigor\lib\hvigor-java-daemon.jar 45050 000000506d5edcd794ebb9ae79779ac0a1df3bfe230a1d8b535121c42e1d43914a4916140d5f7e64b4658b519d8f5729e1dd1c82aaa4ef6504f9ea51b1379a13d1077cca4ec3df91c86b02f37d782bca97f1bb4f70be90a754f14e0ea8dbc2a7

Host: Intel(R) Core(TM) i5-14400F, 16 cores, 15G,  Windows 11 , 64 bit Build 26100 (10.0.26100.7019)
Time: Tue Nov 25 10:01:18 2025 elapsed time: 3499.150826 seconds (0d 0h 58m 19s)

---------------  T H R E A D  ---------------

Current thread (0x0000027af69a66c0):  VMThread "VM Thread"          [id=16024, stack(0x000000e63a500000,0x000000e63a600000) (1024K)]

Stack: [0x000000e63a500000,0x000000e63a600000]
Native frames: (J=compiled Java code, j=interpreted, Vv=VM code, C=native code)
V  [jvm.dll+0x6ebeb9]
V  [jvm.dll+0x8cbec3]
V  [jvm.dll+0x8ce47e]
V  [jvm.dll+0x8ceb63]
V  [jvm.dll+0x28adf6]
V  [jvm.dll+0x6e8695]
V  [jvm.dll+0x6dbeea]
V  [jvm.dll+0x36689b]
V  [jvm.dll+0x36e466]
V  [jvm.dll+0x3c08c6]
V  [jvm.dll+0x3c0b98]
V  [jvm.dll+0x3390cc]
V  [jvm.dll+0x339157]
V  [jvm.dll+0x37ef5c]
V  [jvm.dll+0x37d70e]
V  [jvm.dll+0x338821]
V  [jvm.dll+0x37d13b]
V  [jvm.dll+0x8d48e8]
V  [jvm.dll+0x8d5c64]
V  [jvm.dll+0x8d61a0]
V  [jvm.dll+0x8d6433]
V  [jvm.dll+0x873a78]
V  [jvm.dll+0x6ea63d]
C  [ucrtbase.dll+0x37b0]
C  [KERNEL32.DLL+0x2e8d7]
C  [ntdll.dll+0x8c53c]

VM_Operation (0x000000e639bfe370): G1TryInitiateConcMark, mode: safepoint, requested by thread 0x0000027afb39a850


---------------  P R O C E S S  ---------------

Threads class SMR info:
_java_thread_list=0x0000027afd0b08f0, length=31, elements={
0x0000027af6af1a30, 0x0000027af6af70d0, 0x0000027af6af9c40, 0x0000027af6afa6a0,
0x0000027af6afb100, 0x0000027af6afdb70, 0x0000027af6afe5d0, 0x0000027af6aff360,
0x0000027af6b10530, 0x0000027af6c60440, 0x0000027af6cbf1b0, 0x0000027aedf7acd0,
0x0000027af6edd890, 0x0000027af6eddf00, 0x0000027af6ede570, 0x0000027af6dcf330,
0x0000027af6dcf9a0, 0x0000027af6dd0010, 0x0000027af6dbead0, 0x0000027af6dbf160,
0x0000027af6dbddb0, 0x0000027af6dbd720, 0x0000027af6dbd090, 0x0000027af6dbbce0,
0x0000027af6dbc370, 0x0000027af6dbca00, 0x0000027af6dbe440, 0x0000027afb3980f0,
0x0000027afb39a1c0, 0x0000027afb39a850, 0x0000027af6dd0680
}

Java Threads: ( => current thread )
  0x0000027af6af1a30 JavaThread "Common-Cleaner"             daemon [_thread_blocked, id=33312, stack(0x000000e63a600000,0x000000e63a700000) (1024K)]
  0x0000027af6af70d0 JavaThread "Reference Handler"          daemon [_thread_blocked, id=23168, stack(0x000000e63a700000,0x000000e63a800000) (1024K)]
  0x0000027af6af9c40 JavaThread "Finalizer"                  daemon [_thread_blocked, id=23036, stack(0x000000e63a800000,0x000000e63a900000) (1024K)]
  0x0000027af6afa6a0 JavaThread "Signal Dispatcher"          daemon [_thread_blocked, id=4956, stack(0x000000e63a900000,0x000000e63aa00000) (1024K)]
  0x0000027af6afb100 JavaThread "Attach Listener"            daemon [_thread_blocked, id=38064, stack(0x000000e63aa00000,0x000000e63ab00000) (1024K)]
  0x0000027af6afdb70 JavaThread "Service Thread"             daemon [_thread_blocked, id=8228, stack(0x000000e63ab00000,0x000000e63ac00000) (1024K)]
  0x0000027af6afe5d0 JavaThread "Monitor Deflation Thread"   daemon [_thread_blocked, id=16132, stack(0x000000e63ac00000,0x000000e63ad00000) (1024K)]
  0x0000027af6aff360 JavaThread "C2 CompilerThread0"         daemon [_thread_blocked, id=37480, stack(0x000000e63ad00000,0x000000e63ae00000) (1024K)]
  0x0000027af6b10530 JavaThread "C1 CompilerThread0"         daemon [_thread_blocked, id=21412, stack(0x000000e63ae00000,0x000000e63af00000) (1024K)]
  0x0000027af6c60440 JavaThread "Notification Thread"        daemon [_thread_blocked, id=23308, stack(0x000000e63b200000,0x000000e63b300000) (1024K)]
  0x0000027af6cbf1b0 JavaThread "WebSocketSelector-45"              [_thread_in_native, id=37512, stack(0x000000e63b300000,0x000000e63b400000) (1024K)]
  0x0000027aedf7acd0 JavaThread "DestroyJavaVM"                     [_thread_blocked, id=12796, stack(0x000000e639e00000,0x000000e639f00000) (1024K)]
  0x0000027af6edd890 JavaThread "connectionLostChecker-1"           [_thread_blocked, id=19896, stack(0x000000e63b400000,0x000000e63b500000) (1024K)]
  0x0000027af6eddf00 JavaThread "WebSocketWorker-29"                [_thread_blocked, id=3500, stack(0x000000e63b500000,0x000000e63b600000) (1024K)]
  0x0000027af6ede570 JavaThread "WebSocketWorker-30"                [_thread_blocked, id=4512, stack(0x000000e63b600000,0x000000e63b700000) (1024K)]
  0x0000027af6dcf330 JavaThread "WebSocketWorker-31"                [_thread_blocked, id=29108, stack(0x000000e63b700000,0x000000e63b800000) (1024K)]
  0x0000027af6dcf9a0 JavaThread "WebSocketWorker-32"                [_thread_blocked, id=6812, stack(0x000000e63b800000,0x000000e63b900000) (1024K)]
  0x0000027af6dd0010 JavaThread "WebSocketWorker-33"                [_thread_blocked, id=27676, stack(0x000000e63b900000,0x000000e63ba00000) (1024K)]
  0x0000027af6dbead0 JavaThread "WebSocketWorker-34"                [_thread_blocked, id=11336, stack(0x000000e63ba00000,0x000000e63bb00000) (1024K)]
  0x0000027af6dbf160 JavaThread "WebSocketWorker-35"                [_thread_blocked, id=12868, stack(0x000000e63bb00000,0x000000e63bc00000) (1024K)]
  0x0000027af6dbddb0 JavaThread "WebSocketWorker-36"                [_thread_blocked, id=37376, stack(0x000000e63bc00000,0x000000e63bd00000) (1024K)]
  0x0000027af6dbd720 JavaThread "WebSocketWorker-37"                [_thread_blocked, id=21844, stack(0x000000e63bd00000,0x000000e63be00000) (1024K)]
  0x0000027af6dbd090 JavaThread "WebSocketWorker-38"                [_thread_blocked, id=25036, stack(0x000000e63be00000,0x000000e63bf00000) (1024K)]
  0x0000027af6dbbce0 JavaThread "WebSocketWorker-39"                [_thread_blocked, id=17496, stack(0x000000e63bf00000,0x000000e63c000000) (1024K)]
  0x0000027af6dbc370 JavaThread "WebSocketWorker-40"                [_thread_blocked, id=14164, stack(0x000000e63c000000,0x000000e63c100000) (1024K)]
  0x0000027af6dbca00 JavaThread "WebSocketWorker-41"                [_thread_blocked, id=37608, stack(0x000000e63c100000,0x000000e63c200000) (1024K)]
  0x0000027af6dbe440 JavaThread "WebSocketWorker-42"                [_thread_blocked, id=28360, stack(0x000000e63c200000,0x000000e63c300000) (1024K)]
  0x0000027afb3980f0 JavaThread "WebSocketWorker-43"                [_thread_blocked, id=26488, stack(0x000000e63c300000,0x000000e63c400000) (1024K)]
  0x0000027afb39a1c0 JavaThread "WebSocketWorker-44"                [_thread_blocked, id=19304, stack(0x000000e63c400000,0x000000e63c500000) (1024K)]
  0x0000027afb39a850 JavaThread "pool-1-thread-2"                   [_thread_blocked, id=23788, stack(0x000000e639b00000,0x000000e639c00000) (1024K)]
  0x0000027af6dd0680 JavaThread "C1 CompilerThread1"         daemon [_thread_blocked, id=30784, stack(0x000000e639c00000,0x000000e639d00000) (1024K)]
Total: 31

Other Threads:
=>0x0000027af69a66c0 VMThread "VM Thread"                           [id=16024, stack(0x000000e63a500000,0x000000e63a600000) (1024K)]
  0x0000027af6990060 WatcherThread "VM Periodic Task Thread"        [id=37844, stack(0x000000e63a400000,0x000000e63a500000) (1024K)]
  0x0000027aedfa5970 WorkerThread "GC Thread#0"                     [id=32124, stack(0x000000e639f00000,0x000000e63a000000) (1024K)]
  0x0000027afb90a9b0 WorkerThread "GC Thread#1"                     [id=27220, stack(0x000000e63c800000,0x000000e63c900000) (1024K)]
  0x0000027afb713fe0 WorkerThread "GC Thread#2"                     [id=37236, stack(0x000000e63c900000,0x000000e63ca00000) (1024K)]
  0x0000027afb714380 WorkerThread "GC Thread#3"                     [id=38224, stack(0x000000e63ca00000,0x000000e63cb00000) (1024K)]
  0x0000027afb714b20 WorkerThread "GC Thread#4"                     [id=37116, stack(0x000000e63cb00000,0x000000e63cc00000) (1024K)]
  0x0000027afb723300 WorkerThread "GC Thread#5"                     [id=36236, stack(0x000000e63cc00000,0x000000e63cd00000) (1024K)]
  0x0000027afb7256b0 WorkerThread "GC Thread#6"                     [id=8656, stack(0x000000e63cd00000,0x000000e63ce00000) (1024K)]
  0x0000027afb725e60 WorkerThread "GC Thread#7"                     [id=2604, stack(0x000000e63ce00000,0x000000e63cf00000) (1024K)]
  0x0000027afb726200 WorkerThread "GC Thread#8"                     [id=38604, stack(0x000000e63cf00000,0x000000e63d000000) (1024K)]
  0x0000027afb7265a0 WorkerThread "GC Thread#9"                     [id=38304, stack(0x000000e63d000000,0x000000e63d100000) (1024K)]
  0x0000027afb726940 WorkerThread "GC Thread#10"                    [id=31760, stack(0x000000e63d100000,0x000000e63d200000) (1024K)]
  0x0000027afb727470 WorkerThread "GC Thread#11"                    [id=28076, stack(0x000000e63d200000,0x000000e63d300000) (1024K)]
  0x0000027afb727810 WorkerThread "GC Thread#12"                    [id=38624, stack(0x000000e63d300000,0x000000e63d400000) (1024K)]
  0x0000027aedfab160 ConcurrentGCThread "G1 Main Marker"            [id=10768, stack(0x000000e63a000000,0x000000e63a100000) (1024K)]
  0x0000027aedfacae0 WorkerThread "G1 Conc#0"                       [id=36624, stack(0x000000e63a100000,0x000000e63a200000) (1024K)]
  0x0000027afb7270d0 WorkerThread "G1 Conc#1"                       [id=19972, stack(0x000000e63d500000,0x000000e63d600000) (1024K)]
  0x0000027afd222230 WorkerThread "G1 Conc#2"                       [id=18768, stack(0x000000e63d600000,0x000000e63d700000) (1024K)]
  0x0000027af6868eb0 ConcurrentGCThread "G1 Refine#0"               [id=38348, stack(0x000000e63a200000,0x000000e63a300000) (1024K)]
  0x0000027af68698c0 ConcurrentGCThread "G1 Service"                [id=37804, stack(0x000000e63a300000,0x000000e63a400000) (1024K)]
Total: 21

Threads with active compile tasks:
Total: 0

VM state: at safepoint (normal execution)

VM Mutex/Monitor currently owned by a thread:  ([mutex/lock_event])
[0x00007ffca5047c58] Threads_lock - owner thread: 0x0000027af69a66c0
[0x00007ffca5047d58] Heap_lock - owner thread: 0x0000027afb39a850

Heap address: 0x00000000e0000000, size: 512 MB, Compressed Oops mode: 32-bit

CDS archive(s) mapped at: [0x0000027a8f000000-0x0000027a90c00000-0x0000027a90c00000), size 29360128, SharedBaseAddress: 0x0000027a8f000000, ArchiveRelocationMode: 1.
Compressed class space mapped at: 0x0000027a91000000-0x0000027ad1000000, reserved size: 1073741824
Narrow klass base: 0x0000027a8f000000, Narrow klass shift: 0, Narrow klass range: 0x100000000

GC Precious Log:
 CardTable entry size: 512
 Card Set container configuration: InlinePtr #cards 5 size 8 Array Of Cards #cards 12 size 40 Howl #buckets 4 coarsen threshold 1843 Howl Bitmap #cards 512 size 80 coarsen threshold 460 Card regions per heap region 1 cards per card region 2048
 CPUs: 16 total, 16 available
 Memory: 16070M
 Large Page Support: Disabled
 NUMA Support: Disabled
 Compressed Oops: Enabled (32-bit)
 Heap Region Size: 1M
 Heap Min Capacity: 8M
 Heap Initial Capacity: 252M
 Heap Max Capacity: 512M
 Pre-touch: Disabled
 Parallel Workers: 13
 Concurrent Workers: 3
 Concurrent Refinement Workers: 13
 Periodic GC: Disabled

Heap:
 garbage-first heap   total 149504K, used 10756K [0x00000000e0000000, 0x0000000100000000)
  region size 1024K, 1 young (1024K), 1 survivors (1024K)
 Metaspace       used 18289K, committed 18560K, reserved 1114112K
  class space    used 2106K, committed 2240K, reserved 1048576K

Heap Regions: E=young(eden), S=young(survivor), O=old, HS=humongous(starts), HC=humongous(continues), CS=collection set, F=free, TAMS=top-at-mark-start, PB=parsable bottom
|   0|0x00000000e0000000, 0x00000000e00f54d0, 0x00000000e0100000| 95%| O|  |TAMS 0x00000000e00f54d0| PB 0x00000000e0000000| Untracked 
|   1|0x00000000e0100000, 0x00000000e01ffff0, 0x00000000e0200000| 99%| O|  |TAMS 0x00000000e01ffff0| PB 0x00000000e0100000| Untracked 
|   2|0x00000000e0200000, 0x00000000e0300000, 0x00000000e0300000|100%| O|  |TAMS 0x00000000e0300000| PB 0x00000000e0200000| Untracked 
|   3|0x00000000e0300000, 0x00000000e03ec1e0, 0x00000000e0400000| 92%| O|  |TAMS 0x00000000e03ec1e0| PB 0x00000000e0300000| Untracked 
|   4|0x00000000e0400000, 0x00000000e0435648, 0x00000000e0500000| 20%| O|  |TAMS 0x00000000e0435648| PB 0x00000000e0400000| Untracked 
|   5|0x00000000e0500000, 0x00000000e05c91e0, 0x00000000e0600000| 78%| O|  |TAMS 0x00000000e05c91e0| PB 0x00000000e0500000| Untracked 
|   6|0x00000000e0600000, 0x00000000e0686160, 0x00000000e0700000| 52%| O|  |TAMS 0x00000000e0686160| PB 0x00000000e0600000| Untracked 
|   7|0x00000000e0700000, 0x00000000e0700000, 0x00000000e0800000|  0%| F|  |TAMS 0x00000000e0700000| PB 0x00000000e0700000| Untracked 
|   8|0x00000000e0800000, 0x00000000e0800000, 0x00000000e0900000|  0%| F|  |TAMS 0x00000000e0800000| PB 0x00000000e0800000| Untracked 
|   9|0x00000000e0900000, 0x00000000e0a00000, 0x00000000e0a00000|100%|HS|  |TAMS 0x00000000e0a00000| PB 0x00000000e0900000| Untracked 
|  10|0x00000000e0a00000, 0x00000000e0affff8, 0x00000000e0b00000| 99%| O|  |TAMS 0x00000000e0affff8| PB 0x00000000e0a00000| Untracked 
|  11|0x00000000e0b00000, 0x00000000e0c00000, 0x00000000e0c00000|100%| O|  |TAMS 0x00000000e0c00000| PB 0x00000000e0b00000| Untracked 
|  12|0x00000000e0c00000, 0x00000000e0c00000, 0x00000000e0d00000|  0%| F|  |TAMS 0x00000000e0c00000| PB 0x00000000e0c00000| Untracked 
|  13|0x00000000e0d00000, 0x00000000e0e00000, 0x00000000e0e00000|100%| O|  |TAMS 0x00000000e0e00000| PB 0x00000000e0d00000| Untracked 
|  14|0x00000000e0e00000, 0x00000000e0efb9b8, 0x00000000e0f00000| 98%| O|  |TAMS 0x00000000e0efb9b8| PB 0x00000000e0e00000| Untracked 
|  15|0x00000000e0f00000, 0x00000000e0f00000, 0x00000000e1000000|  0%| F|  |TAMS 0x00000000e0f00000| PB 0x00000000e0f00000| Untracked 
|  16|0x00000000e1000000, 0x00000000e1000000, 0x00000000e1100000|  0%| F|  |TAMS 0x00000000e1000000| PB 0x00000000e1000000| Untracked 
|  17|0x00000000e1100000, 0x00000000e1100000, 0x00000000e1200000|  0%| F|  |TAMS 0x00000000e1100000| PB 0x00000000e1100000| Untracked 
|  18|0x00000000e1200000, 0x00000000e1200000, 0x00000000e1300000|  0%| F|  |TAMS 0x00000000e1200000| PB 0x00000000e1200000| Untracked 
|  19|0x00000000e1300000, 0x00000000e1300000, 0x00000000e1400000|  0%| F|  |TAMS 0x00000000e1300000| PB 0x00000000e1300000| Untracked 
|  20|0x00000000e1400000, 0x00000000e1400000, 0x00000000e1500000|  0%| F|  |TAMS 0x00000000e1400000| PB 0x00000000e1400000| Untracked 
|  21|0x00000000e1500000, 0x00000000e1500000, 0x00000000e1600000|  0%| F|  |TAMS 0x00000000e1500000| PB 0x00000000e1500000| Untracked 
|  22|0x00000000e1600000, 0x00000000e1600000, 0x00000000e1700000|  0%| F|  |TAMS 0x00000000e1600000| PB 0x00000000e1600000| Untracked 
|  23|0x00000000e1700000, 0x00000000e1700000, 0x00000000e1800000|  0%| F|  |TAMS 0x00000000e1700000| PB 0x00000000e1700000| Untracked 
|  24|0x00000000e1800000, 0x00000000e1800000, 0x00000000e1900000|  0%| F|  |TAMS 0x00000000e1800000| PB 0x00000000e1800000| Untracked 
|  25|0x00000000e1900000, 0x00000000e1900000, 0x00000000e1a00000|  0%| F|  |TAMS 0x00000000e1900000| PB 0x00000000e1900000| Untracked 
|  26|0x00000000e1a00000, 0x00000000e1a00000, 0x00000000e1b00000|  0%| F|  |TAMS 0x00000000e1a00000| PB 0x00000000e1a00000| Untracked 
|  27|0x00000000e1b00000, 0x00000000e1b00000, 0x00000000e1c00000|  0%| F|  |TAMS 0x00000000e1b00000| PB 0x00000000e1b00000| Untracked 
|  28|0x00000000e1c00000, 0x00000000e1c00000, 0x00000000e1d00000|  0%| F|  |TAMS 0x00000000e1c00000| PB 0x00000000e1c00000| Untracked 
|  29|0x00000000e1d00000, 0x00000000e1d00000, 0x00000000e1e00000|  0%| F|  |TAMS 0x00000000e1d00000| PB 0x00000000e1d00000| Untracked 
|  30|0x00000000e1e00000, 0x00000000e1e00000, 0x00000000e1f00000|  0%| F|  |TAMS 0x00000000e1e00000| PB 0x00000000e1e00000| Untracked 
|  31|0x00000000e1f00000, 0x00000000e1f00000, 0x00000000e2000000|  0%| F|  |TAMS 0x00000000e1f00000| PB 0x00000000e1f00000| Untracked 
|  32|0x00000000e2000000, 0x00000000e2000000, 0x00000000e2100000|  0%| F|  |TAMS 0x00000000e2000000| PB 0x00000000e2000000| Untracked 
|  33|0x00000000e2100000, 0x00000000e2100000, 0x00000000e2200000|  0%| F|  |TAMS 0x00000000e2100000| PB 0x00000000e2100000| Untracked 
|  34|0x00000000e2200000, 0x00000000e2200000, 0x00000000e2300000|  0%| F|  |TAMS 0x00000000e2200000| PB 0x00000000e2200000| Untracked 
|  35|0x00000000e2300000, 0x00000000e2300000, 0x00000000e2400000|  0%| F|  |TAMS 0x00000000e2300000| PB 0x00000000e2300000| Untracked 
|  36|0x00000000e2400000, 0x00000000e2400000, 0x00000000e2500000|  0%| F|  |TAMS 0x00000000e2400000| PB 0x00000000e2400000| Untracked 
|  37|0x00000000e2500000, 0x00000000e2500000, 0x00000000e2600000|  0%| F|  |TAMS 0x00000000e2500000| PB 0x00000000e2500000| Untracked 
|  38|0x00000000e2600000, 0x00000000e2600000, 0x00000000e2700000|  0%| F|  |TAMS 0x00000000e2600000| PB 0x00000000e2600000| Untracked 
|  39|0x00000000e2700000, 0x00000000e2700000, 0x00000000e2800000|  0%| F|  |TAMS 0x00000000e2700000| PB 0x00000000e2700000| Untracked 
|  40|0x00000000e2800000, 0x00000000e2800000, 0x00000000e2900000|  0%| F|  |TAMS 0x00000000e2800000| PB 0x00000000e2800000| Untracked 
|  41|0x00000000e2900000, 0x00000000e2900000, 0x00000000e2a00000|  0%| F|  |TAMS 0x00000000e2900000| PB 0x00000000e2900000| Untracked 
|  42|0x00000000e2a00000, 0x00000000e2a00000, 0x00000000e2b00000|  0%| F|  |TAMS 0x00000000e2a00000| PB 0x00000000e2a00000| Untracked 
|  43|0x00000000e2b00000, 0x00000000e2b00000, 0x00000000e2c00000|  0%| F|  |TAMS 0x00000000e2b00000| PB 0x00000000e2b00000| Untracked 
|  44|0x00000000e2c00000, 0x00000000e2c00000, 0x00000000e2d00000|  0%| F|  |TAMS 0x00000000e2c00000| PB 0x00000000e2c00000| Untracked 
|  45|0x00000000e2d00000, 0x00000000e2d00000, 0x00000000e2e00000|  0%| F|  |TAMS 0x00000000e2d00000| PB 0x00000000e2d00000| Untracked 
|  46|0x00000000e2e00000, 0x00000000e2e00000, 0x00000000e2f00000|  0%| F|  |TAMS 0x00000000e2e00000| PB 0x00000000e2e00000| Untracked 
|  47|0x00000000e2f00000, 0x00000000e2f00000, 0x00000000e3000000|  0%| F|  |TAMS 0x00000000e2f00000| PB 0x00000000e2f00000| Untracked 
|  48|0x00000000e3000000, 0x00000000e3000000, 0x00000000e3100000|  0%| F|  |TAMS 0x00000000e3000000| PB 0x00000000e3000000| Untracked 
|  49|0x00000000e3100000, 0x00000000e3100000, 0x00000000e3200000|  0%| F|  |TAMS 0x00000000e3100000| PB 0x00000000e3100000| Untracked 
|  50|0x00000000e3200000, 0x00000000e3200000, 0x00000000e3300000|  0%| F|  |TAMS 0x00000000e3200000| PB 0x00000000e3200000| Untracked 
|  51|0x00000000e3300000, 0x00000000e3300000, 0x00000000e3400000|  0%| F|  |TAMS 0x00000000e3300000| PB 0x00000000e3300000| Untracked 
|  52|0x00000000e3400000, 0x00000000e3400000, 0x00000000e3500000|  0%| F|  |TAMS 0x00000000e3400000| PB 0x00000000e3400000| Untracked 
|  53|0x00000000e3500000, 0x00000000e3500000, 0x00000000e3600000|  0%| F|  |TAMS 0x00000000e3500000| PB 0x00000000e3500000| Untracked 
|  54|0x00000000e3600000, 0x00000000e3600000, 0x00000000e3700000|  0%| F|  |TAMS 0x00000000e3600000| PB 0x00000000e3600000| Untracked 
|  55|0x00000000e3700000, 0x00000000e3700000, 0x00000000e3800000|  0%| F|  |TAMS 0x00000000e3700000| PB 0x00000000e3700000| Untracked 
|  56|0x00000000e3800000, 0x00000000e3800000, 0x00000000e3900000|  0%| F|  |TAMS 0x00000000e3800000| PB 0x00000000e3800000| Untracked 
|  57|0x00000000e3900000, 0x00000000e3900000, 0x00000000e3a00000|  0%| F|  |TAMS 0x00000000e3900000| PB 0x00000000e3900000| Untracked 
|  58|0x00000000e3a00000, 0x00000000e3a00000, 0x00000000e3b00000|  0%| F|  |TAMS 0x00000000e3a00000| PB 0x00000000e3a00000| Untracked 
|  59|0x00000000e3b00000, 0x00000000e3b00000, 0x00000000e3c00000|  0%| F|  |TAMS 0x00000000e3b00000| PB 0x00000000e3b00000| Untracked 
|  60|0x00000000e3c00000, 0x00000000e3c00000, 0x00000000e3d00000|  0%| F|  |TAMS 0x00000000e3c00000| PB 0x00000000e3c00000| Untracked 
|  61|0x00000000e3d00000, 0x00000000e3d00000, 0x00000000e3e00000|  0%| F|  |TAMS 0x00000000e3d00000| PB 0x00000000e3d00000| Untracked 
|  62|0x00000000e3e00000, 0x00000000e3e00000, 0x00000000e3f00000|  0%| F|  |TAMS 0x00000000e3e00000| PB 0x00000000e3e00000| Untracked 
|  63|0x00000000e3f00000, 0x00000000e3f00000, 0x00000000e4000000|  0%| F|  |TAMS 0x00000000e3f00000| PB 0x00000000e3f00000| Untracked 
|  64|0x00000000e4000000, 0x00000000e4000000, 0x00000000e4100000|  0%| F|  |TAMS 0x00000000e4000000| PB 0x00000000e4000000| Untracked 
|  65|0x00000000e4100000, 0x00000000e4100000, 0x00000000e4200000|  0%| F|  |TAMS 0x00000000e4100000| PB 0x00000000e4100000| Untracked 
|  66|0x00000000e4200000, 0x00000000e4200000, 0x00000000e4300000|  0%| F|  |TAMS 0x00000000e4200000| PB 0x00000000e4200000| Untracked 
|  67|0x00000000e4300000, 0x00000000e4300000, 0x00000000e4400000|  0%| F|  |TAMS 0x00000000e4300000| PB 0x00000000e4300000| Untracked 
|  68|0x00000000e4400000, 0x00000000e4400000, 0x00000000e4500000|  0%| F|  |TAMS 0x00000000e4400000| PB 0x00000000e4400000| Untracked 
|  69|0x00000000e4500000, 0x00000000e4500000, 0x00000000e4600000|  0%| F|  |TAMS 0x00000000e4500000| PB 0x00000000e4500000| Untracked 
|  70|0x00000000e4600000, 0x00000000e4600000, 0x00000000e4700000|  0%| F|  |TAMS 0x00000000e4600000| PB 0x00000000e4600000| Untracked 
|  71|0x00000000e4700000, 0x00000000e4700000, 0x00000000e4800000|  0%| F|  |TAMS 0x00000000e4700000| PB 0x00000000e4700000| Untracked 
|  72|0x00000000e4800000, 0x00000000e4800000, 0x00000000e4900000|  0%| F|  |TAMS 0x00000000e4800000| PB 0x00000000e4800000| Untracked 
|  73|0x00000000e4900000, 0x00000000e4900000, 0x00000000e4a00000|  0%| F|  |TAMS 0x00000000e4900000| PB 0x00000000e4900000| Untracked 
|  74|0x00000000e4a00000, 0x00000000e4a00000, 0x00000000e4b00000|  0%| F|  |TAMS 0x00000000e4a00000| PB 0x00000000e4a00000| Untracked 
|  75|0x00000000e4b00000, 0x00000000e4b00000, 0x00000000e4c00000|  0%| F|  |TAMS 0x00000000e4b00000| PB 0x00000000e4b00000| Untracked 
|  76|0x00000000e4c00000, 0x00000000e4c00000, 0x00000000e4d00000|  0%| F|  |TAMS 0x00000000e4c00000| PB 0x00000000e4c00000| Untracked 
|  77|0x00000000e4d00000, 0x00000000e4d00000, 0x00000000e4e00000|  0%| F|  |TAMS 0x00000000e4d00000| PB 0x00000000e4d00000| Untracked 
|  78|0x00000000e4e00000, 0x00000000e4e00000, 0x00000000e4f00000|  0%| F|  |TAMS 0x00000000e4e00000| PB 0x00000000e4e00000| Untracked 
|  79|0x00000000e4f00000, 0x00000000e4f00000, 0x00000000e5000000|  0%| F|  |TAMS 0x00000000e4f00000| PB 0x00000000e4f00000| Untracked 
|  80|0x00000000e5000000, 0x00000000e5000000, 0x00000000e5100000|  0%| F|  |TAMS 0x00000000e5000000| PB 0x00000000e5000000| Untracked 
|  81|0x00000000e5100000, 0x00000000e5100000, 0x00000000e5200000|  0%| F|  |TAMS 0x00000000e5100000| PB 0x00000000e5100000| Untracked 
|  82|0x00000000e5200000, 0x00000000e5200000, 0x00000000e5300000|  0%| F|  |TAMS 0x00000000e5200000| PB 0x00000000e5200000| Untracked 
|  83|0x00000000e5300000, 0x00000000e5300000, 0x00000000e5400000|  0%| F|  |TAMS 0x00000000e5300000| PB 0x00000000e5300000| Untracked 
|  84|0x00000000e5400000, 0x00000000e5400000, 0x00000000e5500000|  0%| F|  |TAMS 0x00000000e5400000| PB 0x00000000e5400000| Untracked 
|  85|0x00000000e5500000, 0x00000000e5500000, 0x00000000e5600000|  0%| F|  |TAMS 0x00000000e5500000| PB 0x00000000e5500000| Untracked 
|  86|0x00000000e5600000, 0x00000000e5600000, 0x00000000e5700000|  0%| F|  |TAMS 0x00000000e5600000| PB 0x00000000e5600000| Untracked 
|  87|0x00000000e5700000, 0x00000000e5700000, 0x00000000e5800000|  0%| F|  |TAMS 0x00000000e5700000| PB 0x00000000e5700000| Untracked 
|  88|0x00000000e5800000, 0x00000000e5800000, 0x00000000e5900000|  0%| F|  |TAMS 0x00000000e5800000| PB 0x00000000e5800000| Untracked 
|  89|0x00000000e5900000, 0x00000000e5900000, 0x00000000e5a00000|  0%| F|  |TAMS 0x00000000e5900000| PB 0x00000000e5900000| Untracked 
|  90|0x00000000e5a00000, 0x00000000e5a00000, 0x00000000e5b00000|  0%| F|  |TAMS 0x00000000e5a00000| PB 0x00000000e5a00000| Untracked 
|  91|0x00000000e5b00000, 0x00000000e5b00000, 0x00000000e5c00000|  0%| F|  |TAMS 0x00000000e5b00000| PB 0x00000000e5b00000| Untracked 
|  92|0x00000000e5c00000, 0x00000000e5c00000, 0x00000000e5d00000|  0%| F|  |TAMS 0x00000000e5c00000| PB 0x00000000e5c00000| Untracked 
|  93|0x00000000e5d00000, 0x00000000e5d00000, 0x00000000e5e00000|  0%| F|  |TAMS 0x00000000e5d00000| PB 0x00000000e5d00000| Untracked 
|  94|0x00000000e5e00000, 0x00000000e5e00000, 0x00000000e5f00000|  0%| F|  |TAMS 0x00000000e5e00000| PB 0x00000000e5e00000| Untracked 
|  95|0x00000000e5f00000, 0x00000000e5f00000, 0x00000000e6000000|  0%| F|  |TAMS 0x00000000e5f00000| PB 0x00000000e5f00000| Untracked 
|  96|0x00000000e6000000, 0x00000000e6000000, 0x00000000e6100000|  0%| F|  |TAMS 0x00000000e6000000| PB 0x00000000e6000000| Untracked 
|  97|0x00000000e6100000, 0x00000000e6100000, 0x00000000e6200000|  0%| F|  |TAMS 0x00000000e6100000| PB 0x00000000e6100000| Untracked 
|  98|0x00000000e6200000, 0x00000000e6200000, 0x00000000e6300000|  0%| F|  |TAMS 0x00000000e6200000| PB 0x00000000e6200000| Untracked 
|  99|0x00000000e6300000, 0x00000000e6300000, 0x00000000e6400000|  0%| F|  |TAMS 0x00000000e6300000| PB 0x00000000e6300000| Untracked 
| 100|0x00000000e6400000, 0x00000000e6400000, 0x00000000e6500000|  0%| F|  |TAMS 0x00000000e6400000| PB 0x00000000e6400000| Untracked 
| 101|0x00000000e6500000, 0x00000000e6500000, 0x00000000e6600000|  0%| F|  |TAMS 0x00000000e6500000| PB 0x00000000e6500000| Untracked 
| 102|0x00000000e6600000, 0x00000000e6600000, 0x00000000e6700000|  0%| F|  |TAMS 0x00000000e6600000| PB 0x00000000e6600000| Untracked 
| 103|0x00000000e6700000, 0x00000000e6700000, 0x00000000e6800000|  0%| F|  |TAMS 0x00000000e6700000| PB 0x00000000e6700000| Untracked 
| 104|0x00000000e6800000, 0x00000000e6800000, 0x00000000e6900000|  0%| F|  |TAMS 0x00000000e6800000| PB 0x00000000e6800000| Untracked 
| 105|0x00000000e6900000, 0x00000000e6900000, 0x00000000e6a00000|  0%| F|  |TAMS 0x00000000e6900000| PB 0x00000000e6900000| Untracked 
| 106|0x00000000e6a00000, 0x00000000e6a00000, 0x00000000e6b00000|  0%| F|  |TAMS 0x00000000e6a00000| PB 0x00000000e6a00000| Untracked 
| 107|0x00000000e6b00000, 0x00000000e6b00000, 0x00000000e6c00000|  0%| F|  |TAMS 0x00000000e6b00000| PB 0x00000000e6b00000| Untracked 
| 108|0x00000000e6c00000, 0x00000000e6c00000, 0x00000000e6d00000|  0%| F|  |TAMS 0x00000000e6c00000| PB 0x00000000e6c00000| Untracked 
| 109|0x00000000e6d00000, 0x00000000e6d00000, 0x00000000e6e00000|  0%| F|  |TAMS 0x00000000e6d00000| PB 0x00000000e6d00000| Untracked 
| 110|0x00000000e6e00000, 0x00000000e6e00000, 0x00000000e6f00000|  0%| F|  |TAMS 0x00000000e6e00000| PB 0x00000000e6e00000| Untracked 
| 111|0x00000000e6f00000, 0x00000000e6f00000, 0x00000000e7000000|  0%| F|  |TAMS 0x00000000e6f00000| PB 0x00000000e6f00000| Untracked 
| 112|0x00000000e7000000, 0x00000000e7000000, 0x00000000e7100000|  0%| F|  |TAMS 0x00000000e7000000| PB 0x00000000e7000000| Untracked 
| 113|0x00000000e7100000, 0x00000000e7100000, 0x00000000e7200000|  0%| F|  |TAMS 0x00000000e7100000| PB 0x00000000e7100000| Untracked 
| 114|0x00000000e7200000, 0x00000000e7200000, 0x00000000e7300000|  0%| F|  |TAMS 0x00000000e7200000| PB 0x00000000e7200000| Untracked 
| 115|0x00000000e7300000, 0x00000000e7300000, 0x00000000e7400000|  0%| F|  |TAMS 0x00000000e7300000| PB 0x00000000e7300000| Untracked 
| 116|0x00000000e7400000, 0x00000000e7400000, 0x00000000e7500000|  0%| F|  |TAMS 0x00000000e7400000| PB 0x00000000e7400000| Untracked 
| 117|0x00000000e7500000, 0x00000000e7500000, 0x00000000e7600000|  0%| F|  |TAMS 0x00000000e7500000| PB 0x00000000e7500000| Untracked 
| 118|0x00000000e7600000, 0x00000000e7600000, 0x00000000e7700000|  0%| F|  |TAMS 0x00000000e7600000| PB 0x00000000e7600000| Untracked 
| 119|0x00000000e7700000, 0x00000000e7700000, 0x00000000e7800000|  0%| F|  |TAMS 0x00000000e7700000| PB 0x00000000e7700000| Untracked 
| 120|0x00000000e7800000, 0x00000000e7800000, 0x00000000e7900000|  0%| F|  |TAMS 0x00000000e7800000| PB 0x00000000e7800000| Untracked 
| 121|0x00000000e7900000, 0x00000000e7900000, 0x00000000e7a00000|  0%| F|  |TAMS 0x00000000e7900000| PB 0x00000000e7900000| Untracked 
| 122|0x00000000e7a00000, 0x00000000e7a00000, 0x00000000e7b00000|  0%| F|  |TAMS 0x00000000e7a00000| PB 0x00000000e7a00000| Untracked 
| 123|0x00000000e7b00000, 0x00000000e7b00000, 0x00000000e7c00000|  0%| F|  |TAMS 0x00000000e7b00000| PB 0x00000000e7b00000| Untracked 
| 124|0x00000000e7c00000, 0x00000000e7c00000, 0x00000000e7d00000|  0%| F|  |TAMS 0x00000000e7c00000| PB 0x00000000e7c00000| Untracked 
| 125|0x00000000e7d00000, 0x00000000e7d00000, 0x00000000e7e00000|  0%| F|  |TAMS 0x00000000e7d00000| PB 0x00000000e7d00000| Untracked 
| 126|0x00000000e7e00000, 0x00000000e7e00000, 0x00000000e7f00000|  0%| F|  |TAMS 0x00000000e7e00000| PB 0x00000000e7e00000| Untracked 
| 127|0x00000000e7f00000, 0x00000000e7f00000, 0x00000000e8000000|  0%| F|  |TAMS 0x00000000e7f00000| PB 0x00000000e7f00000| Untracked 
| 128|0x00000000e8000000, 0x00000000e8000000, 0x00000000e8100000|  0%| F|  |TAMS 0x00000000e8000000| PB 0x00000000e8000000| Untracked 
| 129|0x00000000e8100000, 0x00000000e8100000, 0x00000000e8200000|  0%| F|  |TAMS 0x00000000e8100000| PB 0x00000000e8100000| Untracked 
| 130|0x00000000e8200000, 0x00000000e8200000, 0x00000000e8300000|  0%| F|  |TAMS 0x00000000e8200000| PB 0x00000000e8200000| Untracked 
| 131|0x00000000e8300000, 0x00000000e8300000, 0x00000000e8400000|  0%| F|  |TAMS 0x00000000e8300000| PB 0x00000000e8300000| Untracked 
| 132|0x00000000e8400000, 0x00000000e8400000, 0x00000000e8500000|  0%| F|  |TAMS 0x00000000e8400000| PB 0x00000000e8400000| Untracked 
| 133|0x00000000e8500000, 0x00000000e8500000, 0x00000000e8600000|  0%| F|  |TAMS 0x00000000e8500000| PB 0x00000000e8500000| Untracked 
| 134|0x00000000e8600000, 0x00000000e8600000, 0x00000000e8700000|  0%| F|  |TAMS 0x00000000e8600000| PB 0x00000000e8600000| Untracked 
| 135|0x00000000e8700000, 0x00000000e8700000, 0x00000000e8800000|  0%| F|  |TAMS 0x00000000e8700000| PB 0x00000000e8700000| Untracked 
| 136|0x00000000e8800000, 0x00000000e8800000, 0x00000000e8900000|  0%| F|  |TAMS 0x00000000e8800000| PB 0x00000000e8800000| Untracked 
| 137|0x00000000e8900000, 0x00000000e8900000, 0x00000000e8a00000|  0%| F|  |TAMS 0x00000000e8900000| PB 0x00000000e8900000| Untracked 
| 138|0x00000000e8a00000, 0x00000000e8a00000, 0x00000000e8b00000|  0%| F|  |TAMS 0x00000000e8a00000| PB 0x00000000e8a00000| Untracked 
| 139|0x00000000e8b00000, 0x00000000e8b00000, 0x00000000e8c00000|  0%| F|  |TAMS 0x00000000e8b00000| PB 0x00000000e8b00000| Untracked 
| 140|0x00000000e8c00000, 0x00000000e8c00000, 0x00000000e8d00000|  0%| F|  |TAMS 0x00000000e8c00000| PB 0x00000000e8c00000| Untracked 
| 141|0x00000000e8d00000, 0x00000000e8d00000, 0x00000000e8e00000|  0%| F|  |TAMS 0x00000000e8d00000| PB 0x00000000e8d00000| Untracked 
| 142|0x00000000e8e00000, 0x00000000e8e00000, 0x00000000e8f00000|  0%| F|  |TAMS 0x00000000e8e00000| PB 0x00000000e8e00000| Untracked 
| 143|0x00000000e8f00000, 0x00000000e8f1f700, 0x00000000e9000000| 12%| S|CS|TAMS 0x00000000e8f00000| PB 0x00000000e8f00000| Complete 
| 144|0x00000000e9000000, 0x00000000e9000000, 0x00000000e9100000|  0%| F|  |TAMS 0x00000000e9000000| PB 0x00000000e9000000| Untracked 
| 145|0x00000000e9100000, 0x00000000e9100000, 0x00000000e9200000|  0%| F|  |TAMS 0x00000000e9100000| PB 0x00000000e9100000| Untracked 

Card table byte_map: [0x0000027af30e0000,0x0000027af31e0000] _byte_map_base: 0x0000027af29e0000

Marking Bits: (CMBitMap*) 0x0000027aedfa6880
 Bits: [0x0000027af31e0000, 0x0000027af39e0000)

Polling page: 0x0000027aec720000

Metaspace:

Usage:
  Non-class:     15.80 MB used.
      Class:      2.06 MB used.
       Both:     17.86 MB used.

Virtual space:
  Non-class space:       64.00 MB reserved,      15.94 MB ( 25%) committed,  1 nodes.
      Class space:        1.00 GB reserved,       2.19 MB ( <1%) committed,  1 nodes.
             Both:        1.06 GB reserved,      18.12 MB (  2%) committed. 

Chunk freelists:
   Non-Class:  15.50 MB
       Class:  13.78 MB
        Both:  29.28 MB

MaxMetaspaceSize: unlimited
CompressedClassSpaceSize: 1.00 GB
Initial GC threshold: 21.00 MB
Current GC threshold: 29.94 MB
CDS: on
 - commit_granule_bytes: 65536.
 - commit_granule_words: 8192.
 - virtual_space_node_default_size: 8388608.
 - enlarge_chunks_in_place: 1.
 - use_allocation_guard: 0.


Internal statistics:

num_allocs_failed_limit: 0.
num_arena_births: 272.
num_arena_deaths: 22.
num_vsnodes_births: 2.
num_vsnodes_deaths: 0.
num_space_committed: 290.
num_space_uncommitted: 0.
num_chunks_returned_to_freelist: 22.
num_chunks_taken_from_freelist: 837.
num_chunk_merges: 5.
num_chunk_splits: 601.
num_chunks_enlarged: 479.
num_inconsistent_stats: 0.

CodeHeap 'non-profiled nmethods': size=119168Kb used=1388Kb max_used=1416Kb free=117779Kb
 bounds [0x0000027a87ba0000, 0x0000027a87e10000, 0x0000027a8f000000]
CodeHeap 'profiled nmethods': size=119104Kb used=4999Kb max_used=5335Kb free=114104Kb
 bounds [0x0000027a80000000, 0x0000027a80550000, 0x0000027a87450000]
CodeHeap 'non-nmethods': size=7488Kb used=2153Kb max_used=3338Kb free=5334Kb
 bounds [0x0000027a87450000, 0x0000027a877a0000, 0x0000027a87ba0000]
CodeCache: size=245760Kb, used=8540Kb, max_used=10089Kb, free=237217Kb
 total_blobs=3368, nmethods=2721, adapters=550, full_count=0
Compilation: enabled, stopped_count=0, restarted_count=0

Compilation events (20 events):
Event: 3497.040 Thread 0x0000027af6b10530 nmethod 3175 0x0000027a800c8590 code [0x0000027a800c8800, 0x0000027a800c91f0]
Event: 3497.040 Thread 0x0000027af6b10530 3178       3       jdk.internal.misc.Unsafe::putShortUnaligned (14 bytes)
Event: 3497.040 Thread 0x0000027af6dd0680 nmethod 3177 0x0000027a8005a310 code [0x0000027a8005a4e0, 0x0000027a8005a890]
Event: 3497.040 Thread 0x0000027af6dd0680 3179       3       jdk.internal.misc.Unsafe::putShortUnaligned (37 bytes)
Event: 3497.040 Thread 0x0000027af6b10530 nmethod 3178 0x0000027a8005d310 code [0x0000027a8005d4c0, 0x0000027a8005d6f8]
Event: 3497.040 Thread 0x0000027af6dd0680 nmethod 3179 0x0000027a801a5d10 code [0x0000027a801a5ec0, 0x0000027a801a6100]
Event: 3497.041 Thread 0x0000027af6dd0680 3180       3       java.io.WinNTFileSystem::prefixLength (91 bytes)
Event: 3497.041 Thread 0x0000027af6dd0680 nmethod 3180 0x0000027a8005ee10 code [0x0000027a8005f120, 0x0000027a80060470]
Event: 3497.041 Thread 0x0000027af6dd0680 3181       1       com.ohos.hapsigntool.zip.ZipEntryData::getDataDescriptor (5 bytes)
Event: 3497.042 Thread 0x0000027af6dd0680 nmethod 3181 0x0000027a87c19e10 code [0x0000027a87c19fa0, 0x0000027a87c1a068]
Event: 3497.045 Thread 0x0000027af6dd0680 3182  s!   3       java.io.FileDescriptor::closeAll (163 bytes)
Event: 3497.045 Thread 0x0000027af6b10530 3183       1       com.ohos.hapsigntool.zip.ZipEntryData::getFileSize (5 bytes)
Event: 3497.045 Thread 0x0000027af6b10530 nmethod 3183 0x0000027a87c5b690 code [0x0000027a87c5b820, 0x0000027a87c5b8e8]
Event: 3497.046 Thread 0x0000027af6dd0680 nmethod 3182 0x0000027a8011bf10 code [0x0000027a8011c1a0, 0x0000027a8011cfd0]
Event: 3497.079 Thread 0x0000027af6b10530 3184   !   3       jdk.internal.misc.ScopedMemoryAccess::putIntUnaligned (23 bytes)
Event: 3497.079 Thread 0x0000027af6dd0680 3185   !   3       jdk.internal.misc.ScopedMemoryAccess::putIntUnalignedInternal (37 bytes)
Event: 3497.079 Thread 0x0000027af6dd0680 nmethod 3185 0x0000027a8042b490 code [0x0000027a8042b660, 0x0000027a8042ba30]
Event: 3497.079 Thread 0x0000027af6b10530 nmethod 3184 0x0000027a80077a90 code [0x0000027a80077c80, 0x0000027a800781d0]
Event: 3497.085 Thread 0x0000027af6dd0680 3186       3       java.nio.HeapByteBuffer::putInt (31 bytes)
Event: 3497.086 Thread 0x0000027af6dd0680 nmethod 3186 0x0000027a8019a090 code [0x0000027a8019a300, 0x0000027a8019acf0]

GC Heap History (20 events):
Event: 625.338 GC heap after
{Heap after GC invocations=6 (full 1):
 garbage-first heap   total 30720K, used 9674K [0x00000000e0000000, 0x0000000100000000)
  region size 1024K, 2 young (2048K), 2 survivors (2048K)
 Metaspace       used 16710K, committed 16896K, reserved 1114112K
  class space    used 1947K, committed 2048K, reserved 1048576K
}
Event: 625.479 GC heap before
{Heap before GC invocations=6 (full 1):
 garbage-first heap   total 30720K, used 16842K [0x00000000e0000000, 0x0000000100000000)
  region size 1024K, 10 young (10240K), 2 survivors (2048K)
 Metaspace       used 17330K, committed 17664K, reserved 1114112K
  class space    used 2019K, committed 2176K, reserved 1048576K
}
Event: 625.480 GC heap after
{Heap after GC invocations=7 (full 1):
 garbage-first heap   total 30720K, used 11038K [0x00000000e0000000, 0x0000000100000000)
  region size 1024K, 2 young (2048K), 2 survivors (2048K)
 Metaspace       used 17330K, committed 17664K, reserved 1114112K
  class space    used 2019K, committed 2176K, reserved 1048576K
}
Event: 625.751 GC heap before
{Heap before GC invocations=8 (full 1):
 garbage-first heap   total 270336K, used 262942K [0x00000000e0000000, 0x0000000100000000)
  region size 1024K, 5 young (5120K), 2 survivors (2048K)
 Metaspace       used 17876K, committed 18176K, reserved 1114112K
  class space    used 2076K, committed 2240K, reserved 1048576K
}
Event: 625.753 GC heap after
{Heap after GC invocations=9 (full 1):
 garbage-first heap   total 273408K, used 11373K [0x00000000e0000000, 0x0000000100000000)
  region size 1024K, 1 young (1024K), 1 survivors (1024K)
 Metaspace       used 17876K, committed 18176K, reserved 1114112K
  class space    used 2076K, committed 2240K, reserved 1048576K
}
Event: 625.978 GC heap before
{Heap before GC invocations=9 (full 1):
 garbage-first heap   total 273408K, used 212077K [0x00000000e0000000, 0x0000000100000000)
  region size 1024K, 6 young (6144K), 1 survivors (1024K)
 Metaspace       used 18113K, committed 18368K, reserved 1114112K
  class space    used 2100K, committed 2240K, reserved 1048576K
}
Event: 625.985 GC heap after
{Heap after GC invocations=10 (full 2):
 garbage-first heap   total 58368K, used 10580K [0x00000000e0000000, 0x0000000100000000)
  region size 1024K, 0 young (0K), 0 survivors (0K)
 Metaspace       used 18113K, committed 18368K, reserved 1114112K
  class space    used 2100K, committed 2240K, reserved 1048576K
}
Event: 3496.916 GC heap before
{Heap before GC invocations=10 (full 2):
 garbage-first heap   total 58368K, used 18772K [0x00000000e0000000, 0x0000000100000000)
  region size 1024K, 7 young (7168K), 0 survivors (0K)
 Metaspace       used 18196K, committed 18496K, reserved 1114112K
  class space    used 2106K, committed 2240K, reserved 1048576K
}
Event: 3496.931 GC heap after
{Heap after GC invocations=11 (full 3):
 garbage-first heap   total 40960K, used 10630K [0x00000000e0000000, 0x0000000100000000)
  region size 1024K, 0 young (0K), 0 survivors (0K)
 Metaspace       used 18196K, committed 18496K, reserved 1114112K
  class space    used 2106K, committed 2240K, reserved 1048576K
}
Event: 3497.004 GC heap before
{Heap before GC invocations=11 (full 3):
 garbage-first heap   total 40960K, used 18822K [0x00000000e0000000, 0x0000000100000000)
  region size 1024K, 3 young (3072K), 0 survivors (0K)
 Metaspace       used 18281K, committed 18560K, reserved 1114112K
  class space    used 2106K, committed 2240K, reserved 1048576K
}
Event: 3497.005 GC heap after
{Heap after GC invocations=12 (full 3):
 garbage-first heap   total 40960K, used 10745K [0x00000000e0000000, 0x0000000100000000)
  region size 1024K, 1 young (1024K), 1 survivors (1024K)
 Metaspace       used 18281K, committed 18560K, reserved 1114112K
  class space    used 2106K, committed 2240K, reserved 1048576K
}
Event: 3497.006 GC heap before
{Heap before GC invocations=12 (full 3):
 garbage-first heap   total 40960K, used 16889K [0x00000000e0000000, 0x0000000100000000)
  region size 1024K, 2 young (2048K), 1 survivors (1024K)
 Metaspace       used 18282K, committed 18560K, reserved 1114112K
  class space    used 2106K, committed 2240K, reserved 1048576K
}
Event: 3497.008 GC heap after
{Heap after GC invocations=13 (full 3):
 garbage-first heap   total 149504K, used 10723K [0x00000000e0000000, 0x0000000100000000)
  region size 1024K, 1 young (1024K), 1 survivors (1024K)
 Metaspace       used 18282K, committed 18560K, reserved 1114112K
  class space    used 2106K, committed 2240K, reserved 1048576K
}
Event: 3497.023 GC heap before
{Heap before GC invocations=13 (full 3):
 garbage-first heap   total 149504K, used 66019K [0x00000000e0000000, 0x0000000100000000)
  region size 1024K, 2 young (2048K), 1 survivors (1024K)
 Metaspace       used 18283K, committed 18560K, reserved 1114112K
  class space    used 2106K, committed 2240K, reserved 1048576K
}
Event: 3497.024 GC heap after
{Heap after GC invocations=14 (full 3):
 garbage-first heap   total 149504K, used 10727K [0x00000000e0000000, 0x0000000100000000)
  region size 1024K, 1 young (1024K), 1 survivors (1024K)
 Metaspace       used 18283K, committed 18560K, reserved 1114112K
  class space    used 2106K, committed 2240K, reserved 1048576K
}
Event: 3497.030 GC heap before
{Heap before GC invocations=14 (full 3):
 garbage-first heap   total 149504K, used 66023K [0x00000000e0000000, 0x0000000100000000)
  region size 1024K, 2 young (2048K), 1 survivors (1024K)
 Metaspace       used 18283K, committed 18560K, reserved 1114112K
  class space    used 2106K, committed 2240K, reserved 1048576K
}
Event: 3497.031 GC heap after
{Heap after GC invocations=15 (full 3):
 garbage-first heap   total 149504K, used 10731K [0x00000000e0000000, 0x0000000100000000)
  region size 1024K, 1 young (1024K), 1 survivors (1024K)
 Metaspace       used 18283K, committed 18560K, reserved 1114112K
  class space    used 2106K, committed 2240K, reserved 1048576K
}
Event: 3497.038 GC heap before
{Heap before GC invocations=15 (full 3):
 garbage-first heap   total 149504K, used 66027K [0x00000000e0000000, 0x0000000100000000)
  region size 1024K, 2 young (2048K), 1 survivors (1024K)
 Metaspace       used 18283K, committed 18560K, reserved 1114112K
  class space    used 2106K, committed 2240K, reserved 1048576K
}
Event: 3497.039 GC heap after
{Heap after GC invocations=16 (full 3):
 garbage-first heap   total 149504K, used 10761K [0x00000000e0000000, 0x0000000100000000)
  region size 1024K, 1 young (1024K), 1 survivors (1024K)
 Metaspace       used 18283K, committed 18560K, reserved 1114112K
  class space    used 2106K, committed 2240K, reserved 1048576K
}
Event: 3497.134 GC heap before
{Heap before GC invocations=16 (full 3):
 garbage-first heap   total 149504K, used 66057K [0x00000000e0000000, 0x0000000100000000)
  region size 1024K, 2 young (2048K), 1 survivors (1024K)
 Metaspace       used 18289K, committed 18560K, reserved 1114112K
  class space    used 2106K, committed 2240K, reserved 1048576K
}

Dll operation events (2 events):
Event: 0.014 Loaded shared library C:\Program Files\Huawei\DevEco Studio\jbr\bin\java.dll
Event: 0.055 Loaded shared library C:\Program Files\Huawei\DevEco Studio\jbr\bin\zip.dll

Deoptimization events (20 events):
Event: 3496.993 Thread 0x0000027afb39a850 Uncommon trap: trap_request=0xffffffde fr.pc=0x0000027a87cd8c48 relative=0x0000000000000468
Event: 3496.993 Thread 0x0000027afb39a850 Uncommon trap: reason=class_check action=maybe_recompile pc=0x0000027a87cd8c48 method=java.security.MessageDigest$Delegate.engineDigest()[B @ 4 c2
Event: 3496.994 Thread 0x0000027afb39a850 DEOPT PACKING pc=0x0000027a87cd8c48 sp=0x000000e639bfe550
Event: 3496.994 Thread 0x0000027afb39a850 DEOPT UNPACKING pc=0x0000027a874a46a2 sp=0x000000e639bfe540 mode 2
Event: 3496.996 Thread 0x0000027afb39a850 Uncommon trap: trap_request=0xffffffde fr.pc=0x0000027a87cd8c48 relative=0x0000000000000468
Event: 3496.996 Thread 0x0000027afb39a850 Uncommon trap: reason=class_check action=maybe_recompile pc=0x0000027a87cd8c48 method=java.security.MessageDigest$Delegate.engineDigest()[B @ 4 c2
Event: 3496.996 Thread 0x0000027afb39a850 DEOPT PACKING pc=0x0000027a87cd8c48 sp=0x000000e639bfe550
Event: 3496.996 Thread 0x0000027afb39a850 DEOPT UNPACKING pc=0x0000027a874a46a2 sp=0x000000e639bfe540 mode 2
Event: 3497.000 Thread 0x0000027afb39a850 Uncommon trap: trap_request=0xffffffc6 fr.pc=0x0000027a87befd10 relative=0x00000000000002b0
Event: 3497.000 Thread 0x0000027afb39a850 Uncommon trap: reason=bimorphic_or_optimized_type_check action=maybe_recompile pc=0x0000027a87befd10 method=java.util.HashMap.getNode(Ljava/lang/Object;)Ljava/util/HashMap$Node; @ 128 c2
Event: 3497.000 Thread 0x0000027afb39a850 DEOPT PACKING pc=0x0000027a87befd10 sp=0x000000e639bfe5d0
Event: 3497.000 Thread 0x0000027afb39a850 DEOPT UNPACKING pc=0x0000027a874a46a2 sp=0x000000e639bfe538 mode 2
Event: 3497.000 Thread 0x0000027afb39a850 Uncommon trap: trap_request=0xffffff3d fr.pc=0x0000027a87c4dc88 relative=0x0000000000000068
Event: 3497.000 Thread 0x0000027afb39a850 Uncommon trap: reason=unstable_fused_if action=reinterpret pc=0x0000027a87c4dc88 method=java.lang.CharacterDataLatin1.equalsIgnoreCase(BB)Z @ 16 c2
Event: 3497.000 Thread 0x0000027afb39a850 DEOPT PACKING pc=0x0000027a87c4dc88 sp=0x000000e639bfe680
Event: 3497.000 Thread 0x0000027afb39a850 DEOPT UNPACKING pc=0x0000027a874a46a2 sp=0x000000e639bfe610 mode 2
Event: 3497.001 Thread 0x0000027afb39a850 Uncommon trap: trap_request=0xffffff45 fr.pc=0x0000027a87bd5308 relative=0x00000000000001e8
Event: 3497.001 Thread 0x0000027afb39a850 Uncommon trap: reason=unstable_if action=reinterpret pc=0x0000027a87bd5308 method=java.lang.StringUTF16.compress([CI[BII)I @ 20 c2
Event: 3497.001 Thread 0x0000027afb39a850 DEOPT PACKING pc=0x0000027a87bd5308 sp=0x000000e639bfe610
Event: 3497.001 Thread 0x0000027afb39a850 DEOPT UNPACKING pc=0x0000027a874a46a2 sp=0x000000e639bfe580 mode 2

Classes loaded (20 events):
Event: 625.726 Loading class com/sun/crypto/provider/PBKDF2KeyImpl
Event: 625.726 Loading class javax/crypto/interfaces/PBEKey
Event: 625.726 Loading class javax/crypto/interfaces/PBEKey done
Event: 625.726 Loading class com/sun/crypto/provider/PBKDF2KeyImpl done
Event: 625.726 Loading class com/sun/crypto/provider/PBKDF2KeyImpl$1
Event: 625.726 Loading class com/sun/crypto/provider/PBKDF2KeyImpl$1 done
Event: 625.748 Loading class sun/security/pkcs12/MacData
Event: 625.749 Loading class sun/security/pkcs12/MacData done
Event: 625.750 Loading class com/sun/crypto/provider/HmacPKCS12PBECore$HmacPKCS12PBE_SHA256
Event: 625.750 Loading class com/sun/crypto/provider/HmacPKCS12PBECore
Event: 625.750 Loading class com/sun/crypto/provider/HmacPKCS12PBECore done
Event: 625.750 Loading class com/sun/crypto/provider/HmacPKCS12PBECore$HmacPKCS12PBE_SHA256 done
Event: 625.750 Loading class sun/security/util/PBEUtil
Event: 625.750 Loading class sun/security/util/PBEUtil done
Event: 625.750 Loading class com/sun/crypto/provider/PKCS12PBECipherCore
Event: 625.751 Loading class com/sun/crypto/provider/PKCS12PBECipherCore done
Event: 625.757 Loading class sun/security/tools/KeyStoreUtil
Event: 625.757 Loading class sun/security/tools/KeyStoreUtil done
Event: 625.792 Loading class sun/security/pkcs/EncryptedPrivateKeyInfo
Event: 625.792 Loading class sun/security/pkcs/EncryptedPrivateKeyInfo done

Classes unloaded (11 events):
Event: 624.689 Thread 0x0000027af69a66c0 Unloading class 0x0000027a91039800 'java/lang/invoke/LambdaForm$DMH+0x0000027a91039800'
Event: 624.689 Thread 0x0000027af69a66c0 Unloading class 0x0000027a9102ec00 'java/lang/invoke/LambdaForm$MH+0x0000027a9102ec00'
Event: 624.689 Thread 0x0000027af69a66c0 Unloading class 0x0000027a9102e800 'java/lang/invoke/LambdaForm$MH+0x0000027a9102e800'
Event: 624.689 Thread 0x0000027af69a66c0 Unloading class 0x0000027a9102e400 'java/lang/invoke/LambdaForm$MH+0x0000027a9102e400'
Event: 624.689 Thread 0x0000027af69a66c0 Unloading class 0x0000027a9102e000 'java/lang/invoke/LambdaForm$MH+0x0000027a9102e000'
Event: 624.689 Thread 0x0000027af69a66c0 Unloading class 0x0000027a9102dc00 'java/lang/invoke/LambdaForm$MH+0x0000027a9102dc00'
Event: 624.689 Thread 0x0000027af69a66c0 Unloading class 0x0000027a9102d000 'java/lang/invoke/LambdaForm$MH+0x0000027a9102d000'
Event: 624.689 Thread 0x0000027af69a66c0 Unloading class 0x0000027a9102cc00 'java/lang/invoke/LambdaForm$MH+0x0000027a9102cc00'
Event: 624.689 Thread 0x0000027af69a66c0 Unloading class 0x0000027a9102c800 'java/lang/invoke/LambdaForm$MH+0x0000027a9102c800'
Event: 624.689 Thread 0x0000027af69a66c0 Unloading class 0x0000027a9102c400 'java/lang/invoke/LambdaForm$MH+0x0000027a9102c400'
Event: 624.689 Thread 0x0000027af69a66c0 Unloading class 0x0000027a91014000 'java/lang/invoke/LambdaForm$DMH+0x0000027a91014000'

Classes redefined (0 events):
No events

Internal exceptions (20 events):
Event: 624.406 Thread 0x0000027afb39a850 Exception <a 'java/lang/NoSuchMethodError'{0x00000000ee7c2af8}: 'java.lang.Object java.lang.invoke.DirectMethodHandle$Holder.newInvokeSpecial(java.lang.Object, java.lang.Object, int)'> (0x00000000ee7c2af8) 
thrown [s\src\hotspot\share\interpreter\linkResolver.cpp, line 784]
Event: 624.523 Thread 0x0000027afb39a850 Exception <a 'java/lang/NoSuchMethodError'{0x00000000ef4e63b8}: 'java.lang.Object java.lang.invoke.Invokers$Holder.invoke_MT(java.lang.Object, java.lang.Object, java.lang.Object, java.lang.Object, java.lang.Object)'> (0x00000000ef4e63b8) 
thrown [s\src\hotspot\share\interpreter\linkResolver.cpp, line 784]
Event: 624.524 Thread 0x0000027afb39a850 Exception <a 'java/lang/NoSuchMethodError'{0x00000000ef4e9fd0}: 'int java.lang.invoke.Invokers$Holder.invokeExact_MT(java.lang.Object, java.lang.Object, java.lang.Object)'> (0x00000000ef4e9fd0) 
thrown [s\src\hotspot\share\interpreter\linkResolver.cpp, line 784]
Event: 624.878 Thread 0x0000027afb39a850 Exception <a 'java/lang/NoSuchMethodError'{0x00000000e1cd75d0}: 'void java.lang.invoke.DirectMethodHandle$Holder.invokeStatic(java.lang.Object, java.lang.Object, java.lang.Object, java.lang.Object)'> (0x00000000e1cd75d0) 
thrown [s\src\hotspot\share\interpreter\linkResolver.cpp, line 784]
Event: 624.885 Thread 0x0000027afb39a850 Exception <a 'java/lang/NoSuchMethodError'{0x00000000e1b363e8}: 'int java.lang.invoke.DirectMethodHandle$Holder.invokeStatic(java.lang.Object)'> (0x00000000e1b363e8) 
thrown [s\src\hotspot\share\interpreter\linkResolver.cpp, line 784]
Event: 624.885 Thread 0x0000027afb39a850 Exception <a 'java/lang/NoSuchMethodError'{0x00000000e1b39830}: 'int java.lang.invoke.DirectMethodHandle$Holder.invokeStaticInit(java.lang.Object)'> (0x00000000e1b39830) 
thrown [s\src\hotspot\share\interpreter\linkResolver.cpp, line 784]
Event: 624.901 Thread 0x0000027afb39a850 Exception <a 'java/lang/IncompatibleClassChangeError'{0x00000000e1bbbcf8}: Found class java.lang.Object, but interface was expected> (0x00000000e1bbbcf8) 
thrown [s\src\hotspot\share\interpreter\linkResolver.cpp, line 851]
Event: 624.902 Thread 0x0000027afb39a850 Exception <a 'java/lang/NoSuchMethodError'{0x00000000e1bd6b88}: 'void java.lang.invoke.DirectMethodHandle$Holder.invokeSpecial(java.lang.Object, java.lang.Object, java.lang.Object)'> (0x00000000e1bd6b88) 
thrown [s\src\hotspot\share\interpreter\linkResolver.cpp, line 784]
Event: 624.903 Thread 0x0000027afb39a850 Exception <a 'java/lang/NoSuchMethodError'{0x00000000e1be9e40}: 'java.lang.Object java.lang.invoke.DirectMethodHandle$Holder.newInvokeSpecial(java.lang.Object, java.lang.Object, java.lang.Object, int, java.lang.Object)'> (0x00000000e1be9e40) 
thrown [s\src\hotspot\share\interpreter\linkResolver.cpp, line 784]
Event: 624.904 Thread 0x0000027afb39a850 Exception <a 'java/lang/NoSuchMethodError'{0x00000000e1bf1408}: 'java.lang.Object java.lang.invoke.Invokers$Holder.linkToTargetMethod(java.lang.Object, java.lang.Object, int, java.lang.Object, java.lang.Object)'> (0x00000000e1bf1408) 
thrown [s\src\hotspot\share\interpreter\linkResolver.cpp, line 784]
Event: 624.998 Thread 0x0000027afb39a850 Exception <a 'java/lang/NoSuchMethodError'{0x00000000e15f3650}: 'java.lang.Object java.lang.invoke.DirectMethodHandle$Holder.newInvokeSpecial(java.lang.Object, long, int, java.lang.Object)'> (0x00000000e15f3650) 
thrown [s\src\hotspot\share\interpreter\linkResolver.cpp, line 784]
Event: 625.007 Thread 0x0000027afb39a850 Exception <a 'java/lang/NoSuchMethodError'{0x00000000e1d4e2b0}: 'void java.lang.invoke.DirectMethodHandle$Holder.invokeStaticInit(java.lang.Object, java.lang.Object, java.lang.Object, java.lang.Object)'> (0x00000000e1d4e2b0) 
thrown [s\src\hotspot\share\interpreter\linkResolver.cpp, line 784]
Event: 625.087 Thread 0x0000027afb39a850 Exception <a 'java/lang/NoSuchMethodError'{0x00000000e1bff728}: 'int java.lang.invoke.DirectMethodHandle$Holder.invokeInterface(java.lang.Object, java.lang.Object)'> (0x00000000e1bff728) 
thrown [s\src\hotspot\share\interpreter\linkResolver.cpp, line 784]
Event: 625.087 Thread 0x0000027afb39a850 Exception <a 'java/lang/IncompatibleClassChangeError'{0x00000000e1a02c50}: Found class java.lang.Object, but interface was expected> (0x00000000e1a02c50) 
thrown [s\src\hotspot\share\interpreter\linkResolver.cpp, line 851]
Event: 625.366 Thread 0x0000027afb39a850 Implicit null exception at 0x0000027a87c15716 to 0x0000027a87c158b8
Event: 625.398 Thread 0x0000027afb39a850 Exception <a 'java/lang/NoSuchMethodError'{0x00000000e1b02e48}: 'void java.lang.invoke.DelegatingMethodHandle$Holder.reinvoke_L(java.lang.Object, java.lang.Object, int)'> (0x00000000e1b02e48) 
thrown [s\src\hotspot\share\interpreter\linkResolver.cpp, line 784]
Event: 625.750 Thread 0x0000027afb39a850 Exception <a 'java/lang/NoSuchMethodError'{0x00000000e13ee948}: 'java.lang.Object java.lang.invoke.Invokers$Holder.linkToTargetMethod(java.lang.Object, java.lang.Object, java.lang.Object, java.lang.Object, int, java.lang.Object, java.lang.Object)'> (0x00000000e13ee948) 
thrown [s\src\hotspot\share\interpreter\linkResolver.cpp, line 784]
Event: 625.793 Thread 0x0000027afb39a850 Exception <a 'java/lang/NoSuchMethodError'{0x00000000f0642458}: 'java.lang.Object java.lang.invoke.DirectMethodHandle$Holder.newInvokeSpecial(java.lang.Object, java.lang.Object, java.lang.Object, java.lang.Object, java.lang.Object, java.lang.Object, int)'> (0x00000000f0642458) 
thrown [s\src\hotspot\share\interpreter\linkResolver.cpp, line 784]
Event: 625.793 Thread 0x0000027afb39a850 Exception <a 'java/lang/NoSuchMethodError'{0x00000000f0646a60}: 'java.lang.Object java.lang.invoke.DirectMethodHandle$Holder.invokeSpecial(java.lang.Object, java.lang.Object, java.lang.Object, java.lang.Object, java.lang.Object, java.lang.Object, java.lang.Object, int)'> (0x00000000f0646a60) 
thrown [s\src\hotspot\share\interpreter\linkResolver.cpp, line 784]
Event: 625.793 Thread 0x0000027afb39a850 Exception <a 'java/lang/NoSuchMethodError'{0x00000000f064a970}: 'java.lang.Object java.lang.invoke.Invokers$Holder.linkToTargetMethod(java.lang.Object, java.lang.Object, java.lang.Object, java.lang.Object, java.lang.Object, int, java.lang.Object)'> (0x00000000f064a970) 
thrown [s\src\hotspot\share\interpreter\linkResolver.cpp, line 784]

ZGC Phase Switch (0 events):
No events

VM Operations (20 events):
Event: 625.753 Executing VM operation: G1CollectForAllocation (G1 Evacuation Pause) done
Event: 625.978 Executing VM operation: G1CollectFull (System.gc())
Event: 625.985 Executing VM operation: G1CollectFull (System.gc()) done
Event: 661.661 Executing VM operation: HandshakeAllThreads (HandshakeForDeflation)
Event: 661.662 Executing VM operation: HandshakeAllThreads (HandshakeForDeflation) done
Event: 661.663 Executing VM operation: RendezvousGCThreads
Event: 661.663 Executing VM operation: RendezvousGCThreads done
Event: 3496.916 Executing VM operation: G1CollectFull (System.gc())
Event: 3496.931 Executing VM operation: G1CollectFull (System.gc()) done
Event: 3497.004 Executing VM operation: G1TryInitiateConcMark (G1 Humongous Allocation)
Event: 3497.005 Executing VM operation: G1TryInitiateConcMark (G1 Humongous Allocation) done
Event: 3497.006 Executing VM operation: G1TryInitiateConcMark (G1 Humongous Allocation)
Event: 3497.008 Executing VM operation: G1TryInitiateConcMark (G1 Humongous Allocation) done
Event: 3497.023 Executing VM operation: G1TryInitiateConcMark (G1 Humongous Allocation)
Event: 3497.025 Executing VM operation: G1TryInitiateConcMark (G1 Humongous Allocation) done
Event: 3497.030 Executing VM operation: G1TryInitiateConcMark (G1 Humongous Allocation)
Event: 3497.031 Executing VM operation: G1TryInitiateConcMark (G1 Humongous Allocation) done
Event: 3497.038 Executing VM operation: G1TryInitiateConcMark (G1 Humongous Allocation)
Event: 3497.039 Executing VM operation: G1TryInitiateConcMark (G1 Humongous Allocation) done
Event: 3497.134 Executing VM operation: G1TryInitiateConcMark (G1 Humongous Allocation)

Memory protections (0 events):
No events

Nmethod flushes (20 events):
Event: 3496.925 Thread 0x0000027af69a66c0 flushing  nmethod 0x0000027a80459010
Event: 3496.925 Thread 0x0000027af69a66c0 flushing  nmethod 0x0000027a8045b490
Event: 3496.925 Thread 0x0000027af69a66c0 flushing  nmethod 0x0000027a80494b90
Event: 3496.925 Thread 0x0000027af69a66c0 flushing  nmethod 0x0000027a80496710
Event: 3496.925 Thread 0x0000027af69a66c0 flushing  nmethod 0x0000027a80496a10
Event: 3496.925 Thread 0x0000027af69a66c0 flushing  nmethod 0x0000027a80499210
Event: 3496.925 Thread 0x0000027af69a66c0 flushing  nmethod 0x0000027a804a4b10
Event: 3496.925 Thread 0x0000027af69a66c0 flushing  nmethod 0x0000027a804a5a10
Event: 3496.925 Thread 0x0000027af69a66c0 flushing  nmethod 0x0000027a804a5f90
Event: 3496.925 Thread 0x0000027af69a66c0 flushing  nmethod 0x0000027a804a6490
Event: 3496.925 Thread 0x0000027af69a66c0 flushing  nmethod 0x0000027a804a8210
Event: 3496.925 Thread 0x0000027af69a66c0 flushing  nmethod 0x0000027a804a8c10
Event: 3496.925 Thread 0x0000027af69a66c0 flushing  nmethod 0x0000027a804a9010
Event: 3496.925 Thread 0x0000027af69a66c0 flushing  nmethod 0x0000027a804a9410
Event: 3496.925 Thread 0x0000027af69a66c0 flushing  nmethod 0x0000027a804a9910
Event: 3496.925 Thread 0x0000027af69a66c0 flushing  nmethod 0x0000027a804aa510
Event: 3496.925 Thread 0x0000027af69a66c0 flushing  nmethod 0x0000027a804aac90
Event: 3496.925 Thread 0x0000027af69a66c0 flushing  nmethod 0x0000027a804ab710
Event: 3496.925 Thread 0x0000027af69a66c0 flushing  nmethod 0x0000027a804ac890
Event: 3496.925 Thread 0x0000027af69a66c0 flushing  nmethod 0x0000027a804adb90

Events (20 events):
Event: 624.237 Thread 0x0000027af6b10530 Thread added: 0x0000027af6ec7d60
Event: 624.262 Thread 0x0000027af6ba8730 Thread added: 0x0000027af6e228f0
Event: 624.264 Thread 0x0000027af6dd0680 Thread added: 0x0000027afb4775b0
Event: 624.304 Thread 0x0000027af6eddf00 Thread added: 0x0000027afb39a850
Event: 624.390 Loaded shared library C:\Program Files\Huawei\DevEco Studio\jbr\bin\management.dll
Event: 624.394 Loaded shared library C:\Program Files\Huawei\DevEco Studio\jbr\bin\management_ext.dll
Event: 625.259 Thread 0x0000027af6b10530 Thread added: 0x0000027afbe6b270
Event: 625.641 Thread 0x0000027afbe6b270 Thread exited: 0x0000027afbe6b270
Event: 625.668 Thread 0x0000027afb4775b0 Thread exited: 0x0000027afb4775b0
Event: 625.704 Thread 0x0000027afb39a850 Thread added: 0x0000027afb39aee0
Event: 625.717 Thread 0x0000027afb39aee0 Thread exited: 0x0000027afb39aee0
Event: 625.739 Thread 0x0000027af6e228f0 Thread added: 0x0000027afc987a80
Event: 630.989 Thread 0x0000027af6ec7d60 Thread exited: 0x0000027af6ec7d60
Event: 630.990 Thread 0x0000027af6dd0680 Thread exited: 0x0000027af6dd0680
Event: 630.990 Thread 0x0000027af6ba8730 Thread exited: 0x0000027af6ba8730
Event: 630.990 Thread 0x0000027afc987a80 Thread exited: 0x0000027afc987a80
Event: 635.994 Thread 0x0000027af6e228f0 Thread exited: 0x0000027af6e228f0
Event: 685.992 Thread 0x0000027afb39a850 Thread exited: 0x0000027afb39a850
Event: 3496.649 Thread 0x0000027af6dcf9a0 Thread added: 0x0000027afb39a850
Event: 3496.963 Thread 0x0000027af6b10530 Thread added: 0x0000027af6dd0680


Dynamic libraries:
0x00007ff61f760000 - 0x00007ff61f76a000 	C:\Program Files\Huawei\DevEco Studio\jbr\bin\java.exe
0x00007ffd4d5a0000 - 0x00007ffd4d808000 	C:\WINDOWS\SYSTEM32\ntdll.dll
0x00007ffd4d480000 - 0x00007ffd4d549000 	C:\WINDOWS\System32\KERNEL32.DLL
0x00007ffd4a960000 - 0x00007ffd4ad58000 	C:\WINDOWS\System32\KERNELBASE.dll
0x00007ffd4b1f0000 - 0x00007ffd4b33b000 	C:\WINDOWS\System32\ucrtbase.dll
0x00007ffd45370000 - 0x00007ffd4538b000 	C:\Program Files\Huawei\DevEco Studio\jbr\bin\VCRUNTIME140.dll
0x00007ffd11a80000 - 0x00007ffd11a98000 	C:\Program Files\Huawei\DevEco Studio\jbr\bin\jli.dll
0x00007ffd4c9c0000 - 0x00007ffd4cb87000 	C:\WINDOWS\System32\USER32.dll
0x00007ffd4af80000 - 0x00007ffd4afa7000 	C:\WINDOWS\System32\win32u.dll
0x00007ffd4bfa0000 - 0x00007ffd4bfcb000 	C:\WINDOWS\System32\GDI32.dll
0x00007ffd4a7a0000 - 0x00007ffd4a8cc000 	C:\WINDOWS\System32\gdi32full.dll
0x00007ffd3d090000 - 0x00007ffd3d324000 	C:\WINDOWS\WinSxS\amd64_microsoft.windows.common-controls_6595b64144ccf1df_6.0.26100.7019_none_3e06ffa0e335b8a8\COMCTL32.dll
0x00007ffd4ad60000 - 0x00007ffd4ae03000 	C:\WINDOWS\System32\msvcp_win.dll
0x00007ffd4bdf0000 - 0x00007ffd4be99000 	C:\WINDOWS\System32\msvcrt.dll
0x00007ffd4d3c0000 - 0x00007ffd4d3f1000 	C:\WINDOWS\System32\IMM32.DLL
0x00007ffd46910000 - 0x00007ffd4691c000 	C:\Program Files\Huawei\DevEco Studio\jbr\bin\vcruntime140_1.dll
0x00007ffcf5a80000 - 0x00007ffcf5b0d000 	C:\Program Files\Huawei\DevEco Studio\jbr\bin\msvcp140.dll
0x00007ffca4370000 - 0x00007ffca513b000 	C:\Program Files\Huawei\DevEco Studio\jbr\bin\server\jvm.dll
0x00007ffd4cd00000 - 0x00007ffd4cdb4000 	C:\WINDOWS\System32\ADVAPI32.dll
0x00007ffd4d300000 - 0x00007ffd4d3a6000 	C:\WINDOWS\System32\sechost.dll
0x00007ffd4c3b0000 - 0x00007ffd4c4c8000 	C:\WINDOWS\System32\RPCRT4.dll
0x00007ffd4d400000 - 0x00007ffd4d474000 	C:\WINDOWS\System32\WS2_32.dll
0x00007ffd43f50000 - 0x00007ffd43f85000 	C:\WINDOWS\SYSTEM32\WINMM.dll
0x00007ffd4a550000 - 0x00007ffd4a5ae000 	C:\WINDOWS\SYSTEM32\POWRPROF.dll
0x00007ffd3d5c0000 - 0x00007ffd3d5cb000 	C:\WINDOWS\SYSTEM32\VERSION.dll
0x00007ffd4a480000 - 0x00007ffd4a494000 	C:\WINDOWS\SYSTEM32\UMPDC.dll
0x00007ffd494b0000 - 0x00007ffd494cb000 	C:\WINDOWS\SYSTEM32\kernel.appcore.dll
0x00007ffcfa3a0000 - 0x00007ffcfa3aa000 	C:\Program Files\Huawei\DevEco Studio\jbr\bin\jimage.dll
0x00007ffd47b40000 - 0x00007ffd47d82000 	C:\WINDOWS\SYSTEM32\DBGHELP.DLL
0x00007ffd4c4d0000 - 0x00007ffd4c85b000 	C:\WINDOWS\System32\combase.dll
0x00007ffd4c2d0000 - 0x00007ffd4c3a7000 	C:\WINDOWS\System32\OLEAUT32.dll
0x00007ffd35530000 - 0x00007ffd3556c000 	C:\WINDOWS\SYSTEM32\dbgcore.DLL
0x00007ffd4a6f0000 - 0x00007ffd4a795000 	C:\WINDOWS\System32\bcryptPrimitives.dll
0x00007ffcf1350000 - 0x00007ffcf1370000 	C:\Program Files\Huawei\DevEco Studio\jbr\bin\java.dll
0x00007ffd4b690000 - 0x00007ffd4bddf000 	C:\WINDOWS\System32\SHELL32.dll
0x00007ffd4ae10000 - 0x00007ffd4af7b000 	C:\WINDOWS\System32\wintypes.dll
0x00007ffd48300000 - 0x00007ffd48b5d000 	C:\WINDOWS\SYSTEM32\windows.storage.dll
0x00007ffd4bea0000 - 0x00007ffd4bf92000 	C:\WINDOWS\System32\SHCORE.dll
0x00007ffd4b3c0000 - 0x00007ffd4b427000 	C:\WINDOWS\System32\shlwapi.dll
0x00007ffd4a610000 - 0x00007ffd4a639000 	C:\WINDOWS\SYSTEM32\profapi.dll
0x00007ffcf10e0000 - 0x00007ffcf10f8000 	C:\Program Files\Huawei\DevEco Studio\jbr\bin\zip.dll
0x00007ffcf98f0000 - 0x00007ffcf9900000 	C:\Program Files\Huawei\DevEco Studio\jbr\bin\net.dll
0x00007ffd3e2e0000 - 0x00007ffd3e408000 	C:\WINDOWS\SYSTEM32\WINHTTP.dll
0x00007ffd49a20000 - 0x00007ffd49a8b000 	C:\WINDOWS\system32\mswsock.dll
0x00007ffcf1170000 - 0x00007ffcf1186000 	C:\Program Files\Huawei\DevEco Studio\jbr\bin\nio.dll
0x00007ffcf6600000 - 0x00007ffcf6609000 	C:\Program Files\Huawei\DevEco Studio\jbr\bin\extnet.dll
0x00007ffcf6960000 - 0x00007ffcf696e000 	C:\Program Files\Huawei\DevEco Studio\jbr\bin\sunmscapi.dll
0x00007ffd4b070000 - 0x00007ffd4b1e7000 	C:\WINDOWS\System32\CRYPT32.dll
0x00007ffd49e80000 - 0x00007ffd49eb0000 	C:\WINDOWS\SYSTEM32\ncrypt.dll
0x00007ffd49e30000 - 0x00007ffd49e6f000 	C:\WINDOWS\SYSTEM32\NTASN1.dll
0x00007ffd31e20000 - 0x00007ffd31e28000 	C:\WINDOWS\system32\wshunix.dll
0x00007ffd49ce0000 - 0x00007ffd49cfb000 	C:\WINDOWS\SYSTEM32\CRYPTSP.dll
0x00007ffd49410000 - 0x00007ffd4944a000 	C:\WINDOWS\system32\rsaenh.dll
0x00007ffd49ad0000 - 0x00007ffd49afb000 	C:\WINDOWS\SYSTEM32\USERENV.dll
0x00007ffd4a5e0000 - 0x00007ffd4a60a000 	C:\WINDOWS\SYSTEM32\bcrypt.dll
0x00007ffd49d00000 - 0x00007ffd49d0c000 	C:\WINDOWS\SYSTEM32\CRYPTBASE.dll
0x00007ffd48fd0000 - 0x00007ffd49004000 	C:\WINDOWS\SYSTEM32\IPHLPAPI.DLL
0x00007ffd4d550000 - 0x00007ffd4d55a000 	C:\WINDOWS\System32\NSI.dll
0x00007ffcf59e0000 - 0x00007ffcf59e9000 	C:\Program Files\Huawei\DevEco Studio\jbr\bin\management.dll
0x00007ffcf5310000 - 0x00007ffcf531b000 	C:\Program Files\Huawei\DevEco Studio\jbr\bin\management_ext.dll
0x00007ffd4d3b0000 - 0x00007ffd4d3b8000 	C:\WINDOWS\System32\PSAPI.DLL
0x00007ffd2ccd0000 - 0x00007ffd2cce8000 	C:\WINDOWS\system32\napinsp.dll
0x00007ffd49010000 - 0x00007ffd4913c000 	C:\WINDOWS\SYSTEM32\DNSAPI.dll
0x00007ffd2ccb0000 - 0x00007ffd2ccc2000 	C:\WINDOWS\System32\winrnr.dll
0x00007ffd2cc80000 - 0x00007ffd2cca2000 	C:\WINDOWS\system32\nlansp_c.dll
0x00007ffd42dc0000 - 0x00007ffd42dd6000 	C:\WINDOWS\system32\wshbth.dll
0x000000006cab0000 - 0x000000006cad6000 	C:\Program Files\Bonjour\mdnsNSP.dll
0x00007ffd3bd60000 - 0x00007ffd3bd6b000 	C:\Windows\System32\rasadhlp.dll
0x00007ffd3d9c0000 - 0x00007ffd3da46000 	C:\WINDOWS\System32\fwpuclnt.dll

JVMTI agents: none

dbghelp: loaded successfully - version: 4.0.5 - missing functions: none
symbol engine: initialized successfully - sym options: 0x614 - pdb path: .;C:\Program Files\Huawei\DevEco Studio\jbr\bin;C:\WINDOWS\SYSTEM32;C:\WINDOWS\WinSxS\amd64_microsoft.windows.common-controls_6595b64144ccf1df_6.0.26100.7019_none_3e06ffa0e335b8a8;C:\Program Files\Huawei\DevEco Studio\jbr\bin\server;C:\Program Files\Bonjour

VM Arguments:
jvm_args: -Xmx512m 
java_command: C:\Program Files\Huawei\DevEco Studio\tools\hvigor\hvigor\lib\hvigor-java-daemon.jar 45050 000000506d5edcd794ebb9ae79779ac0a1df3bfe230a1d8b535121c42e1d43914a4916140d5f7e64b4658b519d8f5729e1dd1c82aaa4ef6504f9ea51b1379a13d1077cca4ec3df91c86b02f37d782bca97f1bb4f70be90a754f14e0ea8dbc2a7
java_class_path (initial): C:\Program Files\Huawei\DevEco Studio\tools\hvigor\hvigor\lib\hvigor-java-daemon.jar
Launcher Type: SUN_STANDARD

[Global flags]
     intx CICompilerCount                          = 12                                        {product} {ergonomic}
     uint ConcGCThreads                            = 3                                         {product} {ergonomic}
     uint G1ConcRefinementThreads                  = 13                                        {product} {ergonomic}
   size_t G1HeapRegionSize                         = 1048576                                   {product} {ergonomic}
    uintx GCDrainStackTargetSize                   = 64                                        {product} {ergonomic}
   size_t InitialHeapSize                          = 264241152                                 {product} {ergonomic}
   size_t MarkStackSize                            = 4194304                                   {product} {ergonomic}
   size_t MaxHeapSize                              = 536870912                                 {product} {command line}
   size_t MaxNewSize                               = 321912832                                 {product} {ergonomic}
   size_t MinHeapDeltaBytes                        = 1048576                                   {product} {ergonomic}
   size_t MinHeapSize                              = 8388608                                   {product} {ergonomic}
    uintx NonNMethodCodeHeapSize                   = 7602480                                {pd product} {ergonomic}
    uintx NonProfiledCodeHeapSize                  = 122027880                              {pd product} {ergonomic}
    uintx ProfiledCodeHeapSize                     = 122027880                              {pd product} {ergonomic}
    uintx ReservedCodeCacheSize                    = 251658240                              {pd product} {ergonomic}
     bool SegmentedCodeCache                       = true                                      {product} {ergonomic}
   size_t SoftMaxHeapSize                          = 536870912                              {manageable} {ergonomic}
     bool UseCompressedOops                        = true                           {product lp64_product} {ergonomic}
     bool UseG1GC                                  = true                                      {product} {ergonomic}
     bool UseLargePagesIndividualAllocation        = false                                  {pd product} {ergonomic}

Logging:
Log output configuration:
 #0: stdout all=warning uptime,level,tags foldmultilines=false
 #1: stderr all=off uptime,level,tags foldmultilines=false

Environment Variables:
JAVA_HOME=C:\Program Files\Huawei\DevEco Studio\jbr
PATH=C:\Program Files\Huawei\DevEco Studio\jbr\bin;C:/Program Files/Huawei/DevEco Studio/tools/node;C:\WINDOWS\system32;C:\WINDOWS;C:\WINDOWS\System32\Wbem;C:\WINDOWS\System32\WindowsPowerShell\v1.0\;C:\WINDOWS\System32\OpenSSH\;C:\Program Files\dotnet\;C:\Program Files\nodejs\;C:\Program Files (x86)\Tencent\web\dll;C:\ffmpeg\bin;;C:\ProgramData\chocolatey\bin;C:\Program Files\Memurai\;C:\Program Files (x86)\NetSarang\Xshell 8\;C:\Users\tutumao01\AppData\Local\Programs\Python\Python313\Scripts\;C:\Users\tutumao01\AppData\Local\Programs\Python\Python313\;C:\Users\tutumao01\Tools\git\cmd;C:\Users\tutumao01\Tools\node\node-v23.9.0-win-x64;C:\Users\tutumao01\Tools\dotnet;C:\WINDOWS\system32;C:\WINDOWS;C:\WINDOWS\System32\Wbem;C:\WINDOWS\System32\WindowsPowerShell\v1.0\;C:\WINDOWS\System32\OpenSSH\;C:\Program Files\dotnet\;C:\Program Files\nodejs\;C:\Program Files (x86)\Tencent\web\dll;C:\ffmpeg\bin;C:\Users\tutumao01\AppData\Local\Programs\Python\Python312\Scripts\;C:\Users\tutumao01\AppData\Local\Programs\Python\Python312\;C:\Users\tutumao01\AppData\Local\Programs\Python\Python314\Scripts\;C:\Users\tutumao01\AppData\Local\Programs\Python\Python314\;C:\Users\tutumao01\AppData\Local\Programs\Python\Launcher\;C:\Users\tutumao01\AppData\Local\Microsoft\WindowsApps;C:\Users\tutumao01\AppData\Roaming\npm;C:\ffmpeg\bin;C:\Users\tutumao01\.dotnet\tools;C:\Users\tutumao01\AppData\Local\Programs\Qoder\bin;C:\Users\tutumao01\AppData\Local\GitHubDesktop\bin;C:\Users\tutumao01\AppData\Local\Programs\CodeBuddy CN\bin;C:\Program Files\Huawei\DevEco Studio\tools\node;C:\Program Files\Huawei\DevEco Studio\jbr\bin;C:\WINDOWS\system32;C:\WINDOWS;C:\WINDOWS\System32\Wbem;C:\WINDOWS\System32\WindowsPowerShell\v1.0\;C:\WINDOWS\System32\OpenSSH\;C:\Program Files\dotnet\;C:\Program Files\nodejs\;C:\Program Files (x86)\Tencent\web\dll;C:\ffmpeg\bin;;C:\ProgramData\chocolatey\bin;C:\Program Files\Memurai\;C:\Program Files (x86)\NetSarang\Xshell 8\;C:\Users\tutumao01\AppData\Local\Programs\Python\Python313\Scripts\;C:\Users\tutumao01\AppData\Local\Programs\Python\Python313\;C:\Users\tutumao01\Tools\git\cmd;C:\Users\tutumao01\Tools\node\node-v23.9.0-win-x64;C:\Users\tutumao01\Tools\dotnet;C:\WINDOWS\system32;C:\WINDOWS;C:\WINDOWS\System32\Wbem;C:\WINDOWS\System32\WindowsPowerShell\v1.0\;C:\WINDOWS\System32\OpenSSH\;C:\Program Files\dotnet\;C:\Program Files\nodejs\;C:\Program Files (x86)\Tencent\web\dll;C:\ffmpeg\bin;C:\Users\tutumao01\AppData\Local\Programs\Python\Python312\Scripts\;C:\Users\tutumao01\AppData\Local\Programs\Python\Python312\;C:\Users\tutumao01\AppData\Local\Programs\Python\Python314\Scripts\;C:\Users\tutumao01\AppData\Local\Programs\Python\Python314\;C:\Users\tutumao01\AppData\Local\Programs\Python\Launcher\;C:\Users\tutumao01\AppData\Local\Microsoft\WindowsApps;C:\Users\tutumao01\AppData\Roaming\npm;C:\ffmpeg\bin;C:\Users\tutumao01\.dotnet\tools;C:\Users\tutumao01\AppData\Local\Programs\Qoder\bin;C:\Users\tutumao01\AppData\Local\GitHubDesktop\bin;C:\Users\tutumao01\AppData\Local\Programs\CodeBuddy CN\bin
USERNAME=tutumao01
OS=Windows_NT
PROCESSOR_IDENTIFIER=Intel64 Family 6 Model 191 Stepping 2, GenuineIntel
TMP=C:\Users\TUTUMA~1\AppData\Local\Temp
TEMP=C:\Users\TUTUMA~1\AppData\Local\Temp




Periodic native trim disabled

JNI global refs:
JNI global refs: 24, weak refs: 0

JNI global refs memory usage: 835, weak refs: 833

Process memory usage:
Resident Set Size: 104268K (0% of 16456164K total physical memory with 1078204K free physical memory)

OOME stack traces (most recent first):
Classloader memory used:
Loader java.net.FactoryURLClassLoader                                                  : 12002K
Loader bootstrap                                                                       : 5157K
Loader jdk.internal.loader.ClassLoaders$AppClassLoader                                 : 634K
Loader jdk.internal.loader.ClassLoaders$PlatformClassLoader                            : 494K

---------------  S Y S T E M  ---------------

OS:
 Windows 11 , 64 bit Build 26100 (10.0.26100.7019)
OS uptime: 5 days 23:16 hours
Hyper-V role detected

CPU: total 16 (initial active 16) (8 cores per cpu, 2 threads per core) family 6 model 191 stepping 2 microcode 0x32, cx8, cmov, fxsr, ht, mmx, 3dnowpref, sse, sse2, sse3, ssse3, sse4.1, sse4.2, popcnt, lzcnt, tsc, tscinvbit, avx, avx2, aes, erms, clmul, bmi1, bmi2, adx, sha, fma, vzeroupper, clflush, clflushopt, clwb, hv, serialize, rdtscp, rdpid, fsrm, f16c, cet_ibt, cet_ss
Processor Information for processor 0
  Max Mhz: 2500, Current Mhz: 2500, Mhz Limit: 2500
Processor Information for processor 1
  Max Mhz: 2500, Current Mhz: 2500, Mhz Limit: 2500
Processor Information for processor 2
  Max Mhz: 2500, Current Mhz: 2500, Mhz Limit: 2500
Processor Information for processor 3
  Max Mhz: 2500, Current Mhz: 2500, Mhz Limit: 2500
Processor Information for processor 4
  Max Mhz: 2500, Current Mhz: 2500, Mhz Limit: 2500
Processor Information for processor 5
  Max Mhz: 2500, Current Mhz: 2500, Mhz Limit: 2500
Processor Information for processor 6
  Max Mhz: 2500, Current Mhz: 2500, Mhz Limit: 2500
Processor Information for processor 7
  Max Mhz: 2500, Current Mhz: 2500, Mhz Limit: 2500
Processor Information for processor 8
  Max Mhz: 2500, Current Mhz: 2500, Mhz Limit: 2500
Processor Information for processor 9
  Max Mhz: 2500, Current Mhz: 2500, Mhz Limit: 2500
Processor Information for processor 10
  Max Mhz: 2500, Current Mhz: 2500, Mhz Limit: 2500
Processor Information for processor 11
  Max Mhz: 2500, Current Mhz: 2500, Mhz Limit: 2500
Processor Information for processor 12
  Max Mhz: 2500, Current Mhz: 1800, Mhz Limit: 1800
Processor Information for processor 13
  Max Mhz: 2500, Current Mhz: 1800, Mhz Limit: 1800
Processor Information for processor 14
  Max Mhz: 2500, Current Mhz: 1800, Mhz Limit: 1800
Processor Information for processor 15
  Max Mhz: 2500, Current Mhz: 1800, Mhz Limit: 1800

Memory: 4k page, system-wide physical 16070M (1051M free)
TotalPageFile size 38434M (AvailPageFile size 20M)
current process WorkingSet (physical memory assigned to process): 104M, peak: 357M
current process commit charge ("private bytes"): 290M, peak: 464M

vm_info: OpenJDK 64-Bit Server VM (21.0.8+1-b1038.71) for windows-amd64 JRE (21.0.8+1-b1038.71), built on 2025-09-04 by "builduser" with MS VC++ 16.10 / 16.11 (VS2019)

END.
